Determining if the include file malloc/malloc.h exists failed with the following output:
Change Dir: /root/CS201/CS201-Project/LLVM/build/CMakeFiles/CMakeTmp

Run Build Command(s):/usr/bin/gmake -f Makefile cmTC_d9239/fast && /usr/bin/gmake  -f CMakeFiles/cmTC_d9239.dir/build.make CMakeFiles/cmTC_d9239.dir/build
gmake[1]: Entering directory '/root/CS201/CS201-Project/LLVM/build/CMakeFiles/CMakeTmp'
Building C object CMakeFiles/cmTC_d9239.dir/CheckIncludeFile.c.o
/usr/bin/cc    -o CMakeFiles/cmTC_d9239.dir/CheckIncludeFile.c.o -c /root/CS201/CS201-Project/LLVM/build/CMakeFiles/CMakeTmp/CheckIncludeFile.c
/root/CS201/CS201-Project/LLVM/build/CMakeFiles/CMakeTmp/CheckIncludeFile.c:1:10: fatal error: malloc/malloc.h: No such file or directory
    1 | #include <malloc/malloc.h>
      |          ^~~~~~~~~~~~~~~~~
compilation terminated.
gmake[1]: *** [CMakeFiles/cmTC_d9239.dir/build.make:78: CMakeFiles/cmTC_d9239.dir/CheckIncludeFile.c.o] Error 1
gmake[1]: Leaving directory '/root/CS201/CS201-Project/LLVM/build/CMakeFiles/CMakeTmp'
gmake: *** [Makefile:127: cmTC_d9239/fast] Error 2



Determining if the include file valgrind/valgrind.h exists failed with the following output:
Change Dir: /root/CS201/CS201-Project/LLVM/build/CMakeFiles/CMakeTmp

Run Build Command(s):/usr/bin/gmake -f Makefile cmTC_92f86/fast && /usr/bin/gmake  -f CMakeFiles/cmTC_92f86.dir/build.make CMakeFiles/cmTC_92f86.dir/build
gmake[1]: Entering directory '/root/CS201/CS201-Project/LLVM/build/CMakeFiles/CMakeTmp'
Building C object CMakeFiles/cmTC_92f86.dir/CheckIncludeFile.c.o
/usr/bin/cc    -o CMakeFiles/cmTC_92f86.dir/CheckIncludeFile.c.o -c /root/CS201/CS201-Project/LLVM/build/CMakeFiles/CMakeTmp/CheckIncludeFile.c
/root/CS201/CS201-Project/LLVM/build/CMakeFiles/CMakeTmp/CheckIncludeFile.c:1:10: fatal error: valgrind/valgrind.h: No such file or directory
    1 | #include <valgrind/valgrind.h>
      |          ^~~~~~~~~~~~~~~~~~~~~
compilation terminated.
gmake[1]: *** [CMakeFiles/cmTC_92f86.dir/build.make:78: CMakeFiles/cmTC_92f86.dir/CheckIncludeFile.c.o] Error 1
gmake[1]: Leaving directory '/root/CS201/CS201-Project/LLVM/build/CMakeFiles/CMakeTmp'
gmake: *** [Makefile:127: cmTC_92f86/fast] Error 2



Determining if the include file mach/mach.h exists failed with the following output:
Change Dir: /root/CS201/CS201-Project/LLVM/build/CMakeFiles/CMakeTmp

Run Build Command(s):/usr/bin/gmake -f Makefile cmTC_0e91c/fast && /usr/bin/gmake  -f CMakeFiles/cmTC_0e91c.dir/build.make CMakeFiles/cmTC_0e91c.dir/build
gmake[1]: Entering directory '/root/CS201/CS201-Project/LLVM/build/CMakeFiles/CMakeTmp'
Building C object CMakeFiles/cmTC_0e91c.dir/CheckIncludeFile.c.o
/usr/bin/cc    -o CMakeFiles/cmTC_0e91c.dir/CheckIncludeFile.c.o -c /root/CS201/CS201-Project/LLVM/build/CMakeFiles/CMakeTmp/CheckIncludeFile.c
/root/CS201/CS201-Project/LLVM/build/CMakeFiles/CMakeTmp/CheckIncludeFile.c:1:10: fatal error: mach/mach.h: No such file or directory
    1 | #include <mach/mach.h>
      |          ^~~~~~~~~~~~~
compilation terminated.
gmake[1]: *** [CMakeFiles/cmTC_0e91c.dir/build.make:78: CMakeFiles/cmTC_0e91c.dir/CheckIncludeFile.c.o] Error 1
gmake[1]: Leaving directory '/root/CS201/CS201-Project/LLVM/build/CMakeFiles/CMakeTmp'
gmake: *** [Makefile:127: cmTC_0e91c/fast] Error 2



Determining if the include file histedit.h exists failed with the following output:
Change Dir: /root/CS201/CS201-Project/LLVM/build/CMakeFiles/CMakeTmp

Run Build Command(s):/usr/bin/gmake -f Makefile cmTC_272c9/fast && /usr/bin/gmake  -f CMakeFiles/cmTC_272c9.dir/build.make CMakeFiles/cmTC_272c9.dir/build
gmake[1]: Entering directory '/root/CS201/CS201-Project/LLVM/build/CMakeFiles/CMakeTmp'
Building C object CMakeFiles/cmTC_272c9.dir/CheckIncludeFile.c.o
/usr/bin/cc    -o CMakeFiles/cmTC_272c9.dir/CheckIncludeFile.c.o -c /root/CS201/CS201-Project/LLVM/build/CMakeFiles/CMakeTmp/CheckIncludeFile.c
/root/CS201/CS201-Project/LLVM/build/CMakeFiles/CMakeTmp/CheckIncludeFile.c:1:10: fatal error: histedit.h: No such file or directory
    1 | #include <histedit.h>
      |          ^~~~~~~~~~~~
compilation terminated.
gmake[1]: *** [CMakeFiles/cmTC_272c9.dir/build.make:78: CMakeFiles/cmTC_272c9.dir/CheckIncludeFile.c.o] Error 1
gmake[1]: Leaving directory '/root/CS201/CS201-Project/LLVM/build/CMakeFiles/CMakeTmp'
gmake: *** [Makefile:127: cmTC_272c9/fast] Error 2



Determining if the include file CrashReporterClient.h exists failed with the following output:
Change Dir: /root/CS201/CS201-Project/LLVM/build/CMakeFiles/CMakeTmp

Run Build Command(s):/usr/bin/gmake -f Makefile cmTC_d6854/fast && /usr/bin/gmake  -f CMakeFiles/cmTC_d6854.dir/build.make CMakeFiles/cmTC_d6854.dir/build
gmake[1]: Entering directory '/root/CS201/CS201-Project/LLVM/build/CMakeFiles/CMakeTmp'
Building C object CMakeFiles/cmTC_d6854.dir/CheckIncludeFile.c.o
/usr/bin/cc    -o CMakeFiles/cmTC_d6854.dir/CheckIncludeFile.c.o -c /root/CS201/CS201-Project/LLVM/build/CMakeFiles/CMakeTmp/CheckIncludeFile.c
/root/CS201/CS201-Project/LLVM/build/CMakeFiles/CMakeTmp/CheckIncludeFile.c:1:10: fatal error: CrashReporterClient.h: No such file or directory
    1 | #include <CrashReporterClient.h>
      |          ^~~~~~~~~~~~~~~~~~~~~~~
compilation terminated.
gmake[1]: *** [CMakeFiles/cmTC_d6854.dir/build.make:78: CMakeFiles/cmTC_d6854.dir/CheckIncludeFile.c.o] Error 1
gmake[1]: Leaving directory '/root/CS201/CS201-Project/LLVM/build/CMakeFiles/CMakeTmp'
gmake: *** [Makefile:127: cmTC_d6854/fast] Error 2



Determining if the function pfm_initialize exists in the pfm failed with the following output:
Change Dir: /root/CS201/CS201-Project/LLVM/build/CMakeFiles/CMakeTmp

Run Build Command(s):/usr/bin/gmake -f Makefile cmTC_3fdd8/fast && /usr/bin/gmake  -f CMakeFiles/cmTC_3fdd8.dir/build.make CMakeFiles/cmTC_3fdd8.dir/build
gmake[1]: Entering directory '/root/CS201/CS201-Project/LLVM/build/CMakeFiles/CMakeTmp'
Building C object CMakeFiles/cmTC_3fdd8.dir/CheckFunctionExists.c.o
/usr/bin/cc   -DCHECK_FUNCTION_EXISTS=pfm_initialize -o CMakeFiles/cmTC_3fdd8.dir/CheckFunctionExists.c.o -c /usr/share/cmake-3.22/Modules/CheckFunctionExists.c
Linking C executable cmTC_3fdd8
/usr/bin/cmake -E cmake_link_script CMakeFiles/cmTC_3fdd8.dir/link.txt --verbose=1
/usr/bin/cc  -DCHECK_FUNCTION_EXISTS=pfm_initialize CMakeFiles/cmTC_3fdd8.dir/CheckFunctionExists.c.o -o cmTC_3fdd8  -lpfm -lm 
/usr/bin/ld: cannot find -lpfm: No such file or directory
collect2: error: ld returned 1 exit status
gmake[1]: *** [CMakeFiles/cmTC_3fdd8.dir/build.make:99: cmTC_3fdd8] Error 1
gmake[1]: Leaving directory '/root/CS201/CS201-Project/LLVM/build/CMakeFiles/CMakeTmp'
gmake: *** [Makefile:127: cmTC_3fdd8/fast] Error 2



Determining if the function xar_open exists in the xar failed with the following output:
Change Dir: /root/CS201/CS201-Project/LLVM/build/CMakeFiles/CMakeTmp

Run Build Command(s):/usr/bin/gmake -f Makefile cmTC_0cf3b/fast && /usr/bin/gmake  -f CMakeFiles/cmTC_0cf3b.dir/build.make CMakeFiles/cmTC_0cf3b.dir/build
gmake[1]: Entering directory '/root/CS201/CS201-Project/LLVM/build/CMakeFiles/CMakeTmp'
Building C object CMakeFiles/cmTC_0cf3b.dir/CheckFunctionExists.c.o
/usr/bin/cc   -DCHECK_FUNCTION_EXISTS=xar_open -o CMakeFiles/cmTC_0cf3b.dir/CheckFunctionExists.c.o -c /usr/share/cmake-3.22/Modules/CheckFunctionExists.c
Linking C executable cmTC_0cf3b
/usr/bin/cmake -E cmake_link_script CMakeFiles/cmTC_0cf3b.dir/link.txt --verbose=1
/usr/bin/cc  -DCHECK_FUNCTION_EXISTS=xar_open CMakeFiles/cmTC_0cf3b.dir/CheckFunctionExists.c.o -o cmTC_0cf3b  -lxar -lm 
/usr/bin/ld: cannot find -lxar: No such file or directory
collect2: error: ld returned 1 exit status
gmake[1]: *** [CMakeFiles/cmTC_0cf3b.dir/build.make:99: cmTC_0cf3b] Error 1
gmake[1]: Leaving directory '/root/CS201/CS201-Project/LLVM/build/CMakeFiles/CMakeTmp'
gmake: *** [Makefile:127: cmTC_0cf3b/fast] Error 2



Determining if the arc4random exist failed with the following output:
Change Dir: /root/CS201/CS201-Project/LLVM/build/CMakeFiles/CMakeTmp

Run Build Command(s):/usr/bin/gmake -f Makefile cmTC_b4182/fast && /usr/bin/gmake  -f CMakeFiles/cmTC_b4182.dir/build.make CMakeFiles/cmTC_b4182.dir/build
gmake[1]: Entering directory '/root/CS201/CS201-Project/LLVM/build/CMakeFiles/CMakeTmp'
Building C object CMakeFiles/cmTC_b4182.dir/CheckSymbolExists.c.o
/usr/bin/cc    -o CMakeFiles/cmTC_b4182.dir/CheckSymbolExists.c.o -c /root/CS201/CS201-Project/LLVM/build/CMakeFiles/CMakeTmp/CheckSymbolExists.c
/root/CS201/CS201-Project/LLVM/build/CMakeFiles/CMakeTmp/CheckSymbolExists.c: In function ‘main’:
/root/CS201/CS201-Project/LLVM/build/CMakeFiles/CMakeTmp/CheckSymbolExists.c:8:19: error: ‘arc4random’ undeclared (first use in this function); did you mean ‘srandom’?
    8 |   return ((int*)(&arc4random))[argc];
      |                   ^~~~~~~~~~
      |                   srandom
/root/CS201/CS201-Project/LLVM/build/CMakeFiles/CMakeTmp/CheckSymbolExists.c:8:19: note: each undeclared identifier is reported only once for each function it appears in
gmake[1]: *** [CMakeFiles/cmTC_b4182.dir/build.make:78: CMakeFiles/cmTC_b4182.dir/CheckSymbolExists.c.o] Error 1
gmake[1]: Leaving directory '/root/CS201/CS201-Project/LLVM/build/CMakeFiles/CMakeTmp'
gmake: *** [Makefile:127: cmTC_b4182/fast] Error 2


File /root/CS201/CS201-Project/LLVM/build/CMakeFiles/CMakeTmp/CheckSymbolExists.c:
/* */
#include <stdlib.h>

int main(int argc, char** argv)
{
  (void)argv;
#ifndef arc4random
  return ((int*)(&arc4random))[argc];
#else
  (void)argc;
  return 0;
#endif
}
Performing C SOURCE FILE Test C_SUPPORTS_WERROR_UNGUARDED_AVAILABILITY_NEW failed with the following output:
Change Dir: /root/CS201/CS201-Project/LLVM/build/CMakeFiles/CMakeTmp

Run Build Command(s):/usr/bin/gmake -f Makefile cmTC_73026/fast && /usr/bin/gmake  -f CMakeFiles/cmTC_73026.dir/build.make CMakeFiles/cmTC_73026.dir/build
gmake[1]: Entering directory '/root/CS201/CS201-Project/LLVM/build/CMakeFiles/CMakeTmp'
Building C object CMakeFiles/cmTC_73026.dir/src.c.o
/usr/bin/cc -DC_SUPPORTS_WERROR_UNGUARDED_AVAILABILITY_NEW  -Werror=unguarded-availability-new -o CMakeFiles/cmTC_73026.dir/src.c.o -c /root/CS201/CS201-Project/LLVM/build/CMakeFiles/CMakeTmp/src.c
cc1: error: '-Werror=unguarded-availability-new': no option '-Wunguarded-availability-new'
gmake[1]: *** [CMakeFiles/cmTC_73026.dir/build.make:78: CMakeFiles/cmTC_73026.dir/src.c.o] Error 1
gmake[1]: Leaving directory '/root/CS201/CS201-Project/LLVM/build/CMakeFiles/CMakeTmp'
gmake: *** [Makefile:127: cmTC_73026/fast] Error 2


Source file was:
int main(void) { return 0; }
Determining if the mallctl exist failed with the following output:
Change Dir: /root/CS201/CS201-Project/LLVM/build/CMakeFiles/CMakeTmp

Run Build Command(s):/usr/bin/gmake -f Makefile cmTC_832c1/fast && /usr/bin/gmake  -f CMakeFiles/cmTC_832c1.dir/build.make CMakeFiles/cmTC_832c1.dir/build
gmake[1]: Entering directory '/root/CS201/CS201-Project/LLVM/build/CMakeFiles/CMakeTmp'
Building C object CMakeFiles/cmTC_832c1.dir/CheckSymbolExists.c.o
/usr/bin/cc    -o CMakeFiles/cmTC_832c1.dir/CheckSymbolExists.c.o -c /root/CS201/CS201-Project/LLVM/build/CMakeFiles/CMakeTmp/CheckSymbolExists.c
/root/CS201/CS201-Project/LLVM/build/CMakeFiles/CMakeTmp/CheckSymbolExists.c:2:10: fatal error: malloc_np.h: No such file or directory
    2 | #include <malloc_np.h>
      |          ^~~~~~~~~~~~~
compilation terminated.
gmake[1]: *** [CMakeFiles/cmTC_832c1.dir/build.make:78: CMakeFiles/cmTC_832c1.dir/CheckSymbolExists.c.o] Error 1
gmake[1]: Leaving directory '/root/CS201/CS201-Project/LLVM/build/CMakeFiles/CMakeTmp'
gmake: *** [Makefile:127: cmTC_832c1/fast] Error 2


File /root/CS201/CS201-Project/LLVM/build/CMakeFiles/CMakeTmp/CheckSymbolExists.c:
/* */
#include <malloc_np.h>

int main(int argc, char** argv)
{
  (void)argv;
#ifndef mallctl
  return ((int*)(&mallctl))[argc];
#else
  (void)argc;
  return 0;
#endif
}
Determining if the malloc_zone_statistics exist failed with the following output:
Change Dir: /root/CS201/CS201-Project/LLVM/build/CMakeFiles/CMakeTmp

Run Build Command(s):/usr/bin/gmake -f Makefile cmTC_7e743/fast && /usr/bin/gmake  -f CMakeFiles/cmTC_7e743.dir/build.make CMakeFiles/cmTC_7e743.dir/build
gmake[1]: Entering directory '/root/CS201/CS201-Project/LLVM/build/CMakeFiles/CMakeTmp'
Building C object CMakeFiles/cmTC_7e743.dir/CheckSymbolExists.c.o
/usr/bin/cc    -o CMakeFiles/cmTC_7e743.dir/CheckSymbolExists.c.o -c /root/CS201/CS201-Project/LLVM/build/CMakeFiles/CMakeTmp/CheckSymbolExists.c
/root/CS201/CS201-Project/LLVM/build/CMakeFiles/CMakeTmp/CheckSymbolExists.c:2:10: fatal error: malloc/malloc.h: No such file or directory
    2 | #include <malloc/malloc.h>
      |          ^~~~~~~~~~~~~~~~~
compilation terminated.
gmake[1]: *** [CMakeFiles/cmTC_7e743.dir/build.make:78: CMakeFiles/cmTC_7e743.dir/CheckSymbolExists.c.o] Error 1
gmake[1]: Leaving directory '/root/CS201/CS201-Project/LLVM/build/CMakeFiles/CMakeTmp'
gmake: *** [Makefile:127: cmTC_7e743/fast] Error 2


File /root/CS201/CS201-Project/LLVM/build/CMakeFiles/CMakeTmp/CheckSymbolExists.c:
/* */
#include <malloc/malloc.h>

int main(int argc, char** argv)
{
  (void)argv;
#ifndef malloc_zone_statistics
  return ((int*)(&malloc_zone_statistics))[argc];
#else
  (void)argc;
  return 0;
#endif
}
Determining if the strerror_s exist failed with the following output:
Change Dir: /root/CS201/CS201-Project/LLVM/build/CMakeFiles/CMakeTmp

Run Build Command(s):/usr/bin/gmake -f Makefile cmTC_d6e0e/fast && /usr/bin/gmake  -f CMakeFiles/cmTC_d6e0e.dir/build.make CMakeFiles/cmTC_d6e0e.dir/build
gmake[1]: Entering directory '/root/CS201/CS201-Project/LLVM/build/CMakeFiles/CMakeTmp'
Building C object CMakeFiles/cmTC_d6e0e.dir/CheckSymbolExists.c.o
/usr/bin/cc    -o CMakeFiles/cmTC_d6e0e.dir/CheckSymbolExists.c.o -c /root/CS201/CS201-Project/LLVM/build/CMakeFiles/CMakeTmp/CheckSymbolExists.c
/root/CS201/CS201-Project/LLVM/build/CMakeFiles/CMakeTmp/CheckSymbolExists.c: In function ‘main’:
/root/CS201/CS201-Project/LLVM/build/CMakeFiles/CMakeTmp/CheckSymbolExists.c:8:19: error: ‘strerror_s’ undeclared (first use in this function); did you mean ‘strerror_l’?
    8 |   return ((int*)(&strerror_s))[argc];
      |                   ^~~~~~~~~~
      |                   strerror_l
/root/CS201/CS201-Project/LLVM/build/CMakeFiles/CMakeTmp/CheckSymbolExists.c:8:19: note: each undeclared identifier is reported only once for each function it appears in
gmake[1]: *** [CMakeFiles/cmTC_d6e0e.dir/build.make:78: CMakeFiles/cmTC_d6e0e.dir/CheckSymbolExists.c.o] Error 1
gmake[1]: Leaving directory '/root/CS201/CS201-Project/LLVM/build/CMakeFiles/CMakeTmp'
gmake: *** [Makefile:127: cmTC_d6e0e/fast] Error 2


File /root/CS201/CS201-Project/LLVM/build/CMakeFiles/CMakeTmp/CheckSymbolExists.c:
/* */
#include <string.h>

int main(int argc, char** argv)
{
  (void)argv;
#ifndef strerror_s
  return ((int*)(&strerror_s))[argc];
#else
  (void)argc;
  return 0;
#endif
}
Determining if the dladdr exist failed with the following output:
Change Dir: /root/CS201/CS201-Project/LLVM/build/CMakeFiles/CMakeTmp

Run Build Command(s):/usr/bin/gmake -f Makefile cmTC_dc368/fast && /usr/bin/gmake  -f CMakeFiles/cmTC_dc368.dir/build.make CMakeFiles/cmTC_dc368.dir/build
gmake[1]: Entering directory '/root/CS201/CS201-Project/LLVM/build/CMakeFiles/CMakeTmp'
Building C object CMakeFiles/cmTC_dc368.dir/CheckSymbolExists.c.o
/usr/bin/cc    -o CMakeFiles/cmTC_dc368.dir/CheckSymbolExists.c.o -c /root/CS201/CS201-Project/LLVM/build/CMakeFiles/CMakeTmp/CheckSymbolExists.c
/root/CS201/CS201-Project/LLVM/build/CMakeFiles/CMakeTmp/CheckSymbolExists.c: In function ‘main’:
/root/CS201/CS201-Project/LLVM/build/CMakeFiles/CMakeTmp/CheckSymbolExists.c:8:19: error: ‘dladdr’ undeclared (first use in this function)
    8 |   return ((int*)(&dladdr))[argc];
      |                   ^~~~~~
/root/CS201/CS201-Project/LLVM/build/CMakeFiles/CMakeTmp/CheckSymbolExists.c:8:19: note: each undeclared identifier is reported only once for each function it appears in
gmake[1]: *** [CMakeFiles/cmTC_dc368.dir/build.make:78: CMakeFiles/cmTC_dc368.dir/CheckSymbolExists.c.o] Error 1
gmake[1]: Leaving directory '/root/CS201/CS201-Project/LLVM/build/CMakeFiles/CMakeTmp'
gmake: *** [Makefile:127: cmTC_dc368/fast] Error 2


File /root/CS201/CS201-Project/LLVM/build/CMakeFiles/CMakeTmp/CheckSymbolExists.c:
/* */
#include <dlfcn.h>

int main(int argc, char** argv)
{
  (void)argv;
#ifndef dladdr
  return ((int*)(&dladdr))[argc];
#else
  (void)argc;
  return 0;
#endif
}
Performing C SOURCE FILE Test HAVE_STRUCT_STAT_ST_MTIMESPEC_TV_NSEC failed with the following output:
Change Dir: /root/CS201/CS201-Project/LLVM/build/CMakeFiles/CMakeTmp

Run Build Command(s):/usr/bin/gmake -f Makefile cmTC_68988/fast && /usr/bin/gmake  -f CMakeFiles/cmTC_68988.dir/build.make CMakeFiles/cmTC_68988.dir/build
gmake[1]: Entering directory '/root/CS201/CS201-Project/LLVM/build/CMakeFiles/CMakeTmp'
Building C object CMakeFiles/cmTC_68988.dir/src.c.o
/usr/bin/cc -DHAVE_STRUCT_STAT_ST_MTIMESPEC_TV_NSEC   -o CMakeFiles/cmTC_68988.dir/src.c.o -c /root/CS201/CS201-Project/LLVM/build/CMakeFiles/CMakeTmp/src.c
/root/CS201/CS201-Project/LLVM/build/CMakeFiles/CMakeTmp/src.c: In function ‘main’:
/root/CS201/CS201-Project/LLVM/build/CMakeFiles/CMakeTmp/src.c:7:34: error: ‘struct stat’ has no member named ‘st_mtimespec’
    7 |   (void)sizeof(((struct stat *)0)->st_mtimespec.tv_nsec);
      |                                  ^~
gmake[1]: *** [CMakeFiles/cmTC_68988.dir/build.make:78: CMakeFiles/cmTC_68988.dir/src.c.o] Error 1
gmake[1]: Leaving directory '/root/CS201/CS201-Project/LLVM/build/CMakeFiles/CMakeTmp'
gmake: *** [Makefile:127: cmTC_68988/fast] Error 2


Source file was:

#include <sys/types.h>
#include <sys/stat.h>

int main()
{
  (void)sizeof(((struct stat *)0)->st_mtimespec.tv_nsec);
  return 0;
}

Performing C++ SOURCE FILE Test SUPPORTS_GNU_ZERO_VARIADIC_MACRO_ARGUMENTS_FLAG failed with the following output:
Change Dir: /root/CS201/CS201-Project/LLVM/build/CMakeFiles/CMakeTmp

Run Build Command(s):/usr/bin/gmake -f Makefile cmTC_b6e2c/fast && /usr/bin/gmake  -f CMakeFiles/cmTC_b6e2c.dir/build.make CMakeFiles/cmTC_b6e2c.dir/build
gmake[1]: Entering directory '/root/CS201/CS201-Project/LLVM/build/CMakeFiles/CMakeTmp'
Building CXX object CMakeFiles/cmTC_b6e2c.dir/src.cxx.o
/usr/bin/c++ -DSUPPORTS_GNU_ZERO_VARIADIC_MACRO_ARGUMENTS_FLAG  -Wgnu-zero-variadic-macro-arguments -std=c++14 -o CMakeFiles/cmTC_b6e2c.dir/src.cxx.o -c /root/CS201/CS201-Project/LLVM/build/CMakeFiles/CMakeTmp/src.cxx
c++: error: unrecognized command-line option '-Wgnu-zero-variadic-macro-arguments'
gmake[1]: *** [CMakeFiles/cmTC_b6e2c.dir/build.make:78: CMakeFiles/cmTC_b6e2c.dir/src.cxx.o] Error 1
gmake[1]: Leaving directory '/root/CS201/CS201-Project/LLVM/build/CMakeFiles/CMakeTmp'
gmake: *** [Makefile:127: cmTC_b6e2c/fast] Error 2


Source file was:
int main() { return 0; }
Performing C++ SOURCE FILE Test CXX_SUPPORTS_WERROR_UNGUARDED_AVAILABILITY_NEW failed with the following output:
Change Dir: /root/CS201/CS201-Project/LLVM/build/CMakeFiles/CMakeTmp

Run Build Command(s):/usr/bin/gmake -f Makefile cmTC_819b8/fast && /usr/bin/gmake  -f CMakeFiles/cmTC_819b8.dir/build.make CMakeFiles/cmTC_819b8.dir/build
gmake[1]: Entering directory '/root/CS201/CS201-Project/LLVM/build/CMakeFiles/CMakeTmp'
Building CXX object CMakeFiles/cmTC_819b8.dir/src.cxx.o
/usr/bin/c++ -DCXX_SUPPORTS_WERROR_UNGUARDED_AVAILABILITY_NEW  -fPIC -fvisibility-inlines-hidden -Werror=date-time    -Werror -Werror=unguarded-availability-new -std=c++14 -o CMakeFiles/cmTC_819b8.dir/src.cxx.o -c /root/CS201/CS201-Project/LLVM/build/CMakeFiles/CMakeTmp/src.cxx
cc1plus: error: '-Werror=unguarded-availability-new': no option '-Wunguarded-availability-new'
gmake[1]: *** [CMakeFiles/cmTC_819b8.dir/build.make:78: CMakeFiles/cmTC_819b8.dir/src.cxx.o] Error 1
gmake[1]: Leaving directory '/root/CS201/CS201-Project/LLVM/build/CMakeFiles/CMakeTmp'
gmake: *** [Makefile:127: cmTC_819b8/fast] Error 2


Source file was:
int main() { return 0; }
Performing C SOURCE FILE Test C_SUPPORTS_COVERED_SWITCH_DEFAULT_FLAG failed with the following output:
Change Dir: /root/CS201/CS201-Project/LLVM/build/CMakeFiles/CMakeTmp

Run Build Command(s):/usr/bin/gmake -f Makefile cmTC_b753c/fast && /usr/bin/gmake  -f CMakeFiles/cmTC_b753c.dir/build.make CMakeFiles/cmTC_b753c.dir/build
gmake[1]: Entering directory '/root/CS201/CS201-Project/LLVM/build/CMakeFiles/CMakeTmp'
Building C object CMakeFiles/cmTC_b753c.dir/src.c.o
/usr/bin/cc -DC_SUPPORTS_COVERED_SWITCH_DEFAULT_FLAG  -fPIC -Werror=date-time -Wall -Wextra -Wno-unused-parameter -Wwrite-strings -Wno-missing-field-initializers -pedantic -Wno-long-long -Wimplicit-fallthrough    -Werror -Wcovered-switch-default -o CMakeFiles/cmTC_b753c.dir/src.c.o -c /root/CS201/CS201-Project/LLVM/build/CMakeFiles/CMakeTmp/src.c
cc: error: unrecognized command-line option '-Wcovered-switch-default'; did you mean '-Wno-switch-default'?
gmake[1]: *** [CMakeFiles/cmTC_b753c.dir/build.make:78: CMakeFiles/cmTC_b753c.dir/src.c.o] Error 1
gmake[1]: Leaving directory '/root/CS201/CS201-Project/LLVM/build/CMakeFiles/CMakeTmp'
gmake: *** [Makefile:127: cmTC_b753c/fast] Error 2


Source file was:
int main(void) { return 0; }
Performing C++ SOURCE FILE Test CXX_SUPPORTS_COVERED_SWITCH_DEFAULT_FLAG failed with the following output:
Change Dir: /root/CS201/CS201-Project/LLVM/build/CMakeFiles/CMakeTmp

Run Build Command(s):/usr/bin/gmake -f Makefile cmTC_01b42/fast && /usr/bin/gmake  -f CMakeFiles/cmTC_01b42.dir/build.make CMakeFiles/cmTC_01b42.dir/build
gmake[1]: Entering directory '/root/CS201/CS201-Project/LLVM/build/CMakeFiles/CMakeTmp'
Building CXX object CMakeFiles/cmTC_01b42.dir/src.cxx.o
/usr/bin/c++ -DCXX_SUPPORTS_COVERED_SWITCH_DEFAULT_FLAG  -fPIC -fvisibility-inlines-hidden -Werror=date-time -Wall -Wextra -Wno-unused-parameter -Wwrite-strings -Wcast-qual -Wno-missing-field-initializers -pedantic -Wno-long-long -Wimplicit-fallthrough    -Werror -Wcovered-switch-default -std=c++14 -o CMakeFiles/cmTC_01b42.dir/src.cxx.o -c /root/CS201/CS201-Project/LLVM/build/CMakeFiles/CMakeTmp/src.cxx
c++: error: unrecognized command-line option '-Wcovered-switch-default'; did you mean '-Wno-switch-default'?
gmake[1]: *** [CMakeFiles/cmTC_01b42.dir/build.make:78: CMakeFiles/cmTC_01b42.dir/src.cxx.o] Error 1
gmake[1]: Leaving directory '/root/CS201/CS201-Project/LLVM/build/CMakeFiles/CMakeTmp'
gmake: *** [Makefile:127: cmTC_01b42/fast] Error 2


Source file was:
int main() { return 0; }
Performing C SOURCE FILE Test C_SUPPORTS_DELETE_NON_VIRTUAL_DTOR_FLAG failed with the following output:
Change Dir: /root/CS201/CS201-Project/LLVM/build/CMakeFiles/CMakeTmp

Run Build Command(s):/usr/bin/gmake -f Makefile cmTC_a3e14/fast && /usr/bin/gmake  -f CMakeFiles/cmTC_a3e14.dir/build.make CMakeFiles/cmTC_a3e14.dir/build
gmake[1]: Entering directory '/root/CS201/CS201-Project/LLVM/build/CMakeFiles/CMakeTmp'
Building C object CMakeFiles/cmTC_a3e14.dir/src.c.o
/usr/bin/cc -DC_SUPPORTS_DELETE_NON_VIRTUAL_DTOR_FLAG  -fPIC -Werror=date-time -Wall -Wextra -Wno-unused-parameter -Wwrite-strings -Wno-missing-field-initializers -pedantic -Wno-long-long -Wimplicit-fallthrough    -Werror -Wdelete-non-virtual-dtor -o CMakeFiles/cmTC_a3e14.dir/src.c.o -c /root/CS201/CS201-Project/LLVM/build/CMakeFiles/CMakeTmp/src.c
cc1: error: command-line option '-Wdelete-non-virtual-dtor' is valid for C++/ObjC++ but not for C [-Werror]
cc1: all warnings being treated as errors
gmake[1]: *** [CMakeFiles/cmTC_a3e14.dir/build.make:78: CMakeFiles/cmTC_a3e14.dir/src.c.o] Error 1
gmake[1]: Leaving directory '/root/CS201/CS201-Project/LLVM/build/CMakeFiles/CMakeTmp'
gmake: *** [Makefile:127: cmTC_a3e14/fast] Error 2


Source file was:
int main(void) { return 0; }
Performing C SOURCE FILE Test C_WCOMMENT_ALLOWS_LINE_WRAP failed with the following output:
Change Dir: /root/CS201/CS201-Project/LLVM/build/CMakeFiles/CMakeTmp

Run Build Command(s):/usr/bin/gmake -f Makefile cmTC_a71e2/fast && /usr/bin/gmake  -f CMakeFiles/cmTC_a71e2.dir/build.make CMakeFiles/cmTC_a71e2.dir/build
gmake[1]: Entering directory '/root/CS201/CS201-Project/LLVM/build/CMakeFiles/CMakeTmp'
Building C object CMakeFiles/cmTC_a71e2.dir/src.c.o
/usr/bin/cc -DC_WCOMMENT_ALLOWS_LINE_WRAP -D_GNU_SOURCE  -fPIC -Werror=date-time -Wall -Wextra -Wno-unused-parameter -Wwrite-strings -Wno-missing-field-initializers -pedantic -Wno-long-long -Wimplicit-fallthrough  -Werror -Wcomment -o CMakeFiles/cmTC_a71e2.dir/src.c.o -c /root/CS201/CS201-Project/LLVM/build/CMakeFiles/CMakeTmp/src.c
/root/CS201/CS201-Project/LLVM/build/CMakeFiles/CMakeTmp/src.c:1:1: error: multi-line comment [-Werror=comment]
    1 | // \
      | ^
cc1: all warnings being treated as errors
gmake[1]: *** [CMakeFiles/cmTC_a71e2.dir/build.make:78: CMakeFiles/cmTC_a71e2.dir/src.c.o] Error 1
gmake[1]: Leaving directory '/root/CS201/CS201-Project/LLVM/build/CMakeFiles/CMakeTmp'
gmake: *** [Makefile:127: cmTC_a71e2/fast] Error 2


Source file was:
// \
//
int main() {return 0;}
Performing C SOURCE FILE Test C_SUPPORTS_STRING_CONVERSION_FLAG failed with the following output:
Change Dir: /root/CS201/CS201-Project/LLVM/build/CMakeFiles/CMakeTmp

Run Build Command(s):/usr/bin/gmake -f Makefile cmTC_10e04/fast && /usr/bin/gmake  -f CMakeFiles/cmTC_10e04.dir/build.make CMakeFiles/cmTC_10e04.dir/build
gmake[1]: Entering directory '/root/CS201/CS201-Project/LLVM/build/CMakeFiles/CMakeTmp'
Building C object CMakeFiles/cmTC_10e04.dir/src.c.o
/usr/bin/cc -DC_SUPPORTS_STRING_CONVERSION_FLAG  -fPIC -Werror=date-time -Wall -Wextra -Wno-unused-parameter -Wwrite-strings -Wno-missing-field-initializers -pedantic -Wno-long-long -Wimplicit-fallthrough -Wno-comment    -Werror -Wstring-conversion -o CMakeFiles/cmTC_10e04.dir/src.c.o -c /root/CS201/CS201-Project/LLVM/build/CMakeFiles/CMakeTmp/src.c
cc: error: unrecognized command-line option '-Wstring-conversion'; did you mean '-Wsign-conversion'?
gmake[1]: *** [CMakeFiles/cmTC_10e04.dir/build.make:78: CMakeFiles/cmTC_10e04.dir/src.c.o] Error 1
gmake[1]: Leaving directory '/root/CS201/CS201-Project/LLVM/build/CMakeFiles/CMakeTmp'
gmake: *** [Makefile:127: cmTC_10e04/fast] Error 2


Source file was:
int main(void) { return 0; }
Performing C++ SOURCE FILE Test CXX_SUPPORTS_STRING_CONVERSION_FLAG failed with the following output:
Change Dir: /root/CS201/CS201-Project/LLVM/build/CMakeFiles/CMakeTmp

Run Build Command(s):/usr/bin/gmake -f Makefile cmTC_ce8ad/fast && /usr/bin/gmake  -f CMakeFiles/cmTC_ce8ad.dir/build.make CMakeFiles/cmTC_ce8ad.dir/build
gmake[1]: Entering directory '/root/CS201/CS201-Project/LLVM/build/CMakeFiles/CMakeTmp'
Building CXX object CMakeFiles/cmTC_ce8ad.dir/src.cxx.o
/usr/bin/c++ -DCXX_SUPPORTS_STRING_CONVERSION_FLAG  -fPIC -fvisibility-inlines-hidden -Werror=date-time -Wall -Wextra -Wno-unused-parameter -Wwrite-strings -Wcast-qual -Wno-missing-field-initializers -pedantic -Wno-long-long -Wimplicit-fallthrough -Wno-maybe-uninitialized -Wno-class-memaccess -Wno-redundant-move -Wno-noexcept-type -Wdelete-non-virtual-dtor -Wsuggest-override -Wno-comment    -Werror -Wstring-conversion -std=c++14 -o CMakeFiles/cmTC_ce8ad.dir/src.cxx.o -c /root/CS201/CS201-Project/LLVM/build/CMakeFiles/CMakeTmp/src.cxx
c++: error: unrecognized command-line option '-Wstring-conversion'; did you mean '-Wsign-conversion'?
gmake[1]: *** [CMakeFiles/cmTC_ce8ad.dir/build.make:78: CMakeFiles/cmTC_ce8ad.dir/src.cxx.o] Error 1
gmake[1]: Leaving directory '/root/CS201/CS201-Project/LLVM/build/CMakeFiles/CMakeTmp'
gmake: *** [Makefile:127: cmTC_ce8ad/fast] Error 2


Source file was:
int main() { return 0; }
Determining if the os_signpost_interval_begin exist failed with the following output:
Change Dir: /root/CS201/CS201-Project/LLVM/build/CMakeFiles/CMakeTmp

Run Build Command(s):/usr/bin/gmake -f Makefile cmTC_11fa8/fast && /usr/bin/gmake  -f CMakeFiles/cmTC_11fa8.dir/build.make CMakeFiles/cmTC_11fa8.dir/build
gmake[1]: Entering directory '/root/CS201/CS201-Project/LLVM/build/CMakeFiles/CMakeTmp'
Building C object CMakeFiles/cmTC_11fa8.dir/CheckSymbolExists.c.o
/usr/bin/cc -D_GNU_SOURCE  -fPIC -Wall -Wextra -Wno-unused-parameter -Wwrite-strings -Wno-missing-field-initializers -pedantic -Wno-long-long -Wimplicit-fallthrough -Wno-comment -ffunction-sections -fdata-sections  -o CMakeFiles/cmTC_11fa8.dir/CheckSymbolExists.c.o -c /root/CS201/CS201-Project/LLVM/build/CMakeFiles/CMakeTmp/CheckSymbolExists.c
/root/CS201/CS201-Project/LLVM/build/CMakeFiles/CMakeTmp/CheckSymbolExists.c:2:10: fatal error: os/signpost.h: No such file or directory
    2 | #include <os/signpost.h>
      |          ^~~~~~~~~~~~~~~
compilation terminated.
gmake[1]: *** [CMakeFiles/cmTC_11fa8.dir/build.make:78: CMakeFiles/cmTC_11fa8.dir/CheckSymbolExists.c.o] Error 1
gmake[1]: Leaving directory '/root/CS201/CS201-Project/LLVM/build/CMakeFiles/CMakeTmp'
gmake: *** [Makefile:127: cmTC_11fa8/fast] Error 2


File /root/CS201/CS201-Project/LLVM/build/CMakeFiles/CMakeTmp/CheckSymbolExists.c:
/* */
#include <os/signpost.h>

int main(int argc, char** argv)
{
  (void)argv;
#ifndef os_signpost_interval_begin
  return ((int*)(&os_signpost_interval_begin))[argc];
#else
  (void)argc;
  return 0;
#endif
}
Performing C++ SOURCE FILE Test HAVE_CXX_FLAG_WSHORTEN_64_TO_32 failed with the following output:
Change Dir: /root/CS201/CS201-Project/LLVM/build/CMakeFiles/CMakeTmp

Run Build Command(s):/usr/bin/gmake -f Makefile cmTC_e3db7/fast && /usr/bin/gmake  -f CMakeFiles/cmTC_e3db7.dir/build.make CMakeFiles/cmTC_e3db7.dir/build
gmake[1]: Entering directory '/root/CS201/CS201-Project/LLVM/build/CMakeFiles/CMakeTmp'
Building CXX object CMakeFiles/cmTC_e3db7.dir/src.cxx.o
/usr/bin/c++ -DHAVE_CXX_FLAG_WSHORTEN_64_TO_32  -fPIC -fvisibility-inlines-hidden -Werror=date-time -Wall -Wextra -Wno-unused-parameter -Wwrite-strings -Wcast-qual -Wno-missing-field-initializers -pedantic -Wno-long-long -Wimplicit-fallthrough -Wno-maybe-uninitialized -Wno-class-memaccess -Wno-redundant-move -Wno-noexcept-type -Wdelete-non-virtual-dtor -Wsuggest-override -Wno-comment -ffunction-sections -fdata-sections  -std=c++11  -Wall  -Wextra  -Wshadow  -pedantic  -pedantic-errors  -Wshorten-64-to-32   -Wshorten-64-to-32 -std=c++14 -o CMakeFiles/cmTC_e3db7.dir/src.cxx.o -c /root/CS201/CS201-Project/LLVM/build/CMakeFiles/CMakeTmp/src.cxx
c++: error: unrecognized command-line option '-Wshorten-64-to-32'
c++: error: unrecognized command-line option '-Wshorten-64-to-32'
gmake[1]: *** [CMakeFiles/cmTC_e3db7.dir/build.make:78: CMakeFiles/cmTC_e3db7.dir/src.cxx.o] Error 1
gmake[1]: Leaving directory '/root/CS201/CS201-Project/LLVM/build/CMakeFiles/CMakeTmp'
gmake: *** [Makefile:127: cmTC_e3db7/fast] Error 2


Source file was:
int main() { return 0; }
Performing C++ SOURCE FILE Test HAVE_CXX_FLAG_WD654 failed with the following output:
Change Dir: /root/CS201/CS201-Project/LLVM/build/CMakeFiles/CMakeTmp

Run Build Command(s):/usr/bin/gmake -f Makefile cmTC_d629d/fast && /usr/bin/gmake  -f CMakeFiles/cmTC_d629d.dir/build.make CMakeFiles/cmTC_d629d.dir/build
gmake[1]: Entering directory '/root/CS201/CS201-Project/LLVM/build/CMakeFiles/CMakeTmp'
Building CXX object CMakeFiles/cmTC_d629d.dir/src.cxx.o
/usr/bin/c++ -DHAVE_CXX_FLAG_WD654  -fPIC -fvisibility-inlines-hidden -Werror=date-time -Wall -Wextra -Wno-unused-parameter -Wwrite-strings -Wcast-qual -Wno-missing-field-initializers -pedantic -Wno-long-long -Wimplicit-fallthrough -Wno-maybe-uninitialized -Wno-class-memaccess -Wno-redundant-move -Wno-noexcept-type -Wdelete-non-virtual-dtor -Wsuggest-override -Wno-comment -ffunction-sections -fdata-sections  -std=c++11  -Wall  -Wextra  -Wshadow  -pedantic  -pedantic-errors  -Wfloat-equal  -fstrict-aliasing  -fno-exceptions  -Wno-suggest-override  -Wstrict-aliasing  -wd654   -wd654 -std=c++14 -o CMakeFiles/cmTC_d629d.dir/src.cxx.o -c /root/CS201/CS201-Project/LLVM/build/CMakeFiles/CMakeTmp/src.cxx
c++: error: unrecognized command-line option '-wd654'
c++: error: unrecognized command-line option '-wd654'
gmake[1]: *** [CMakeFiles/cmTC_d629d.dir/build.make:78: CMakeFiles/cmTC_d629d.dir/src.cxx.o] Error 1
gmake[1]: Leaving directory '/root/CS201/CS201-Project/LLVM/build/CMakeFiles/CMakeTmp'
gmake: *** [Makefile:127: cmTC_d629d/fast] Error 2


Source file was:
int main() { return 0; }
Performing C++ SOURCE FILE Test HAVE_CXX_FLAG_WTHREAD_SAFETY failed with the following output:
Change Dir: /root/CS201/CS201-Project/LLVM/build/CMakeFiles/CMakeTmp

Run Build Command(s):/usr/bin/gmake -f Makefile cmTC_801d1/fast && /usr/bin/gmake  -f CMakeFiles/cmTC_801d1.dir/build.make CMakeFiles/cmTC_801d1.dir/build
gmake[1]: Entering directory '/root/CS201/CS201-Project/LLVM/build/CMakeFiles/CMakeTmp'
Building CXX object CMakeFiles/cmTC_801d1.dir/src.cxx.o
/usr/bin/c++ -DHAVE_CXX_FLAG_WTHREAD_SAFETY  -fPIC -fvisibility-inlines-hidden -Werror=date-time -Wall -Wextra -Wno-unused-parameter -Wwrite-strings -Wcast-qual -Wno-missing-field-initializers -pedantic -Wno-long-long -Wimplicit-fallthrough -Wno-maybe-uninitialized -Wno-class-memaccess -Wno-redundant-move -Wno-noexcept-type -Wdelete-non-virtual-dtor -Wsuggest-override -Wno-comment -ffunction-sections -fdata-sections  -std=c++11  -Wall  -Wextra  -Wshadow  -pedantic  -pedantic-errors  -Wfloat-equal  -fstrict-aliasing  -fno-exceptions  -Wno-suggest-override  -Wstrict-aliasing  -Wthread-safety   -Wthread-safety -std=c++14 -o CMakeFiles/cmTC_801d1.dir/src.cxx.o -c /root/CS201/CS201-Project/LLVM/build/CMakeFiles/CMakeTmp/src.cxx
c++: error: unrecognized command-line option '-Wthread-safety'
c++: error: unrecognized command-line option '-Wthread-safety'
gmake[1]: *** [CMakeFiles/cmTC_801d1.dir/build.make:78: CMakeFiles/cmTC_801d1.dir/src.cxx.o] Error 1
gmake[1]: Leaving directory '/root/CS201/CS201-Project/LLVM/build/CMakeFiles/CMakeTmp'
gmake: *** [Makefile:127: cmTC_801d1/fast] Error 2


Source file was:
int main() { return 0; }
